This file contains any messages produced by compilers while
running configure, to aid debugging if configure makes a mistake.

It was created by configure, which was
generated by GNU Autoconf 2.61.  Invocation command line was

  $ /home/thekidder/Projects/SORE/configure --enable-debug=full

## --------- ##
## Platform. ##
## --------- ##

hostname = thekidder-laptop
uname -m = i686
uname -r = 2.6.20-16-generic
uname -s = Linux
uname -v = #2 SMP Thu Jun 7 20:19:32 UTC 2007

/usr/bin/uname -p = unknown
/bin/uname -X     = unknown

/bin/arch              = i686
/usr/bin/arch -k       = unknown
/usr/convex/getsysinfo = unknown
/usr/bin/hostinfo      = unknown
/bin/machine           = unknown
/usr/bin/oslevel       = unknown
/bin/universe          = unknown

PATH: /usr/local/sbin
PATH: /usr/local/bin
PATH: /usr/sbin
PATH: /usr/bin
PATH: /sbin
PATH: /bin
PATH: /usr/games


## ----------- ##
## Core tests. ##
## ----------- ##

configure:1966: checking for a BSD-compatible install
configure:2022: result: /usr/bin/install -c
configure:2033: checking whether build environment is sane
configure:2076: result: yes
configure:2141: checking for gawk
configure:2157: found /usr/bin/gawk
configure:2168: result: gawk
configure:2179: checking whether make sets $(MAKE)
configure:2200: result: yes
configure:2449: checking for g++
configure:2465: found /usr/bin/g++
configure:2476: result: g++
configure:2507: checking for C++ compiler version
configure:2514: g++ --version >&5
g++ (GCC) 4.1.2 (Ubuntu 4.1.2-0ubuntu4)
Copyright (C) 2006 Free Software Foundation, Inc.
This is free software; see the source for copying conditions.  There is NO
warranty; not even for MERCHANTABILITY or FITNESS FOR A PARTICULAR PURPOSE.

configure:2517: $? = 0
configure:2524: g++ -v >&5
Using built-in specs.
Target: i486-linux-gnu
Configured with: ../src/configure -v --enable-languages=c,c++,fortran,objc,obj-c++,treelang --prefix=/usr --enable-shared --with-system-zlib --libexecdir=/usr/lib --without-included-gettext --enable-threads=posix --enable-nls --program-suffix=-4.1 --enable-__cxa_atexit --enable-clocale=gnu --enable-libstdcxx-debug --enable-mpfr --enable-checking=release i486-linux-gnu
Thread model: posix
gcc version 4.1.2 (Ubuntu 4.1.2-0ubuntu4)
configure:2527: $? = 0
configure:2534: g++ -V >&5
g++: '-V' option must have argument
configure:2537: $? = 1
configure:2560: checking for C++ compiler default output file name
configure:2587: g++ -O0 -g3 -I/usr/include/freetype2 -L/usr/lib conftest.cpp  >&5
configure:2590: $? = 0
configure:2628: result: a.out
configure:2645: checking whether the C++ compiler works
configure:2655: ./a.out
configure:2658: $? = 0
configure:2675: result: yes
configure:2682: checking whether we are cross compiling
configure:2684: result: no
configure:2687: checking for suffix of executables
configure:2694: g++ -o conftest -O0 -g3 -I/usr/include/freetype2 -L/usr/lib conftest.cpp  >&5
configure:2697: $? = 0
configure:2721: result: 
configure:2727: checking for suffix of object files
configure:2753: g++ -c -O0 -g3 -I/usr/include/freetype2 conftest.cpp >&5
configure:2756: $? = 0
configure:2779: result: o
configure:2783: checking whether we are using the GNU C++ compiler
configure:2812: g++ -c -O0 -g3 -I/usr/include/freetype2 conftest.cpp >&5
configure:2818: $? = 0
configure:2835: result: yes
configure:2840: checking whether g++ accepts -g
configure:2870: g++ -c -g -I/usr/include/freetype2 conftest.cpp >&5
configure:2876: $? = 0
configure:2975: result: yes
configure:3009: checking for style of include used by make
configure:3037: result: GNU
configure:3065: checking dependency style of g++
configure:3155: result: gcc3
configure:3250: checking build system type
configure:3268: result: i686-pc-linux-gnu
configure:3290: checking host system type
configure:3305: result: i686-pc-linux-gnu
configure:3375: checking for gcc
configure:3391: found /usr/bin/gcc
configure:3402: result: gcc
configure:3640: checking for C compiler version
configure:3647: gcc --version >&5
gcc (GCC) 4.1.2 (Ubuntu 4.1.2-0ubuntu4)
Copyright (C) 2006 Free Software Foundation, Inc.
This is free software; see the source for copying conditions.  There is NO
warranty; not even for MERCHANTABILITY or FITNESS FOR A PARTICULAR PURPOSE.

configure:3650: $? = 0
configure:3657: gcc -v >&5
Using built-in specs.
Target: i486-linux-gnu
Configured with: ../src/configure -v --enable-languages=c,c++,fortran,objc,obj-c++,treelang --prefix=/usr --enable-shared --with-system-zlib --libexecdir=/usr/lib --without-included-gettext --enable-threads=posix --enable-nls --program-suffix=-4.1 --enable-__cxa_atexit --enable-clocale=gnu --enable-libstdcxx-debug --enable-mpfr --enable-checking=release i486-linux-gnu
Thread model: posix
gcc version 4.1.2 (Ubuntu 4.1.2-0ubuntu4)
configure:3660: $? = 0
configure:3667: gcc -V >&5
gcc: '-V' option must have argument
configure:3670: $? = 1
configure:3673: checking whether we are using the GNU C compiler
configure:3702: gcc -c  -I/usr/include/freetype2 conftest.c >&5
configure:3708: $? = 0
configure:3725: result: yes
configure:3730: checking whether gcc accepts -g
configure:3760: gcc -c -g -I/usr/include/freetype2 conftest.c >&5
configure:3766: $? = 0
configure:3865: result: yes
configure:3882: checking for gcc option to accept ISO C89
configure:3956: gcc  -c -g -O2 -I/usr/include/freetype2 conftest.c >&5
configure:3962: $? = 0
configure:3985: result: none needed
configure:4005: checking dependency style of gcc
configure:4095: result: gcc3
configure:4112: checking for a sed that does not truncate output
configure:4166: result: /bin/sed
configure:4169: checking for grep that handles long lines and -e
configure:4243: result: /bin/grep
configure:4248: checking for egrep
configure:4326: result: /bin/grep -E
configure:4342: checking for ld used by gcc
configure:4409: result: /usr/bin/ld
configure:4418: checking if the linker (/usr/bin/ld) is GNU ld
configure:4433: result: yes
configure:4438: checking for /usr/bin/ld option to reload object files
configure:4445: result: -r
configure:4463: checking for BSD-compatible nm
configure:4512: result: /usr/bin/nm -B
configure:4516: checking whether ln -s works
configure:4520: result: yes
configure:4527: checking how to recognise dependent libraries
configure:4703: result: pass_all
configure:4937: checking how to run the C preprocessor
configure:4977: gcc -E -I/usr/include/freetype2 conftest.c
configure:4983: $? = 0
configure:5014: gcc -E -I/usr/include/freetype2 conftest.c
conftest.c:10:28: error: ac_nonexistent.h: No such file or directory
configure:5020: $? = 1
configure: failed program was:
| /* confdefs.h.  */
| #define PACKAGE_NAME ""
| #define PACKAGE_TARNAME ""
| #define PACKAGE_VERSION ""
| #define PACKAGE_STRING ""
| #define PACKAGE_BUGREPORT ""
| #define PACKAGE "sore"
| #define VERSION "0.1"
| /* end confdefs.h.  */
| #include <ac_nonexistent.h>
configure:5053: result: gcc -E
configure:5082: gcc -E -I/usr/include/freetype2 conftest.c
configure:5088: $? = 0
configure:5119: gcc -E -I/usr/include/freetype2 conftest.c
conftest.c:10:28: error: ac_nonexistent.h: No such file or directory
configure:5125: $? = 1
configure: failed program was:
| /* confdefs.h.  */
| #define PACKAGE_NAME ""
| #define PACKAGE_TARNAME ""
| #define PACKAGE_VERSION ""
| #define PACKAGE_STRING ""
| #define PACKAGE_BUGREPORT ""
| #define PACKAGE "sore"
| #define VERSION "0.1"
| /* end confdefs.h.  */
| #include <ac_nonexistent.h>
configure:5163: checking for ANSI C header files
configure:5193: gcc -c -g -O2 -I/usr/include/freetype2 conftest.c >&5
configure:5199: $? = 0
configure:5298: gcc -o conftest -g -O2 -I/usr/include/freetype2 -L/usr/lib conftest.c  >&5
configure:5301: $? = 0
configure:5307: ./conftest
configure:5310: $? = 0
configure:5327: result: yes
configure:5351: checking for sys/types.h
configure:5372: gcc -c -g -O2 -I/usr/include/freetype2 conftest.c >&5
configure:5378: $? = 0
configure:5394: result: yes
configure:5351: checking for sys/stat.h
configure:5372: gcc -c -g -O2 -I/usr/include/freetype2 conftest.c >&5
configure:5378: $? = 0
configure:5394: result: yes
configure:5351: checking for stdlib.h
configure:5372: gcc -c -g -O2 -I/usr/include/freetype2 conftest.c >&5
configure:5378: $? = 0
configure:5394: result: yes
configure:5351: checking for string.h
configure:5372: gcc -c -g -O2 -I/usr/include/freetype2 conftest.c >&5
configure:5378: $? = 0
configure:5394: result: yes
configure:5351: checking for memory.h
configure:5372: gcc -c -g -O2 -I/usr/include/freetype2 conftest.c >&5
configure:5378: $? = 0
configure:5394: result: yes
configure:5351: checking for strings.h
configure:5372: gcc -c -g -O2 -I/usr/include/freetype2 conftest.c >&5
configure:5378: $? = 0
configure:5394: result: yes
configure:5351: checking for inttypes.h
configure:5372: gcc -c -g -O2 -I/usr/include/freetype2 conftest.c >&5
configure:5378: $? = 0
configure:5394: result: yes
configure:5351: checking for stdint.h
configure:5372: gcc -c -g -O2 -I/usr/include/freetype2 conftest.c >&5
configure:5378: $? = 0
configure:5394: result: yes
configure:5351: checking for unistd.h
configure:5372: gcc -c -g -O2 -I/usr/include/freetype2 conftest.c >&5
configure:5378: $? = 0
configure:5394: result: yes
configure:5421: checking dlfcn.h usability
configure:5438: gcc -c -g -O2 -I/usr/include/freetype2 conftest.c >&5
configure:5444: $? = 0
configure:5458: result: yes
configure:5462: checking dlfcn.h presence
configure:5477: gcc -E -I/usr/include/freetype2 conftest.c
configure:5483: $? = 0
configure:5497: result: yes
configure:5525: checking for dlfcn.h
configure:5533: result: yes
configure:5556: checking how to run the C++ preprocessor
configure:5592: g++ -E -I/usr/include/freetype2 conftest.cpp
configure:5598: $? = 0
configure:5629: g++ -E -I/usr/include/freetype2 conftest.cpp
conftest.cpp:21:28: error: ac_nonexistent.h: No such file or directory
configure:5635: $? = 1
configure: failed program was:
| /* confdefs.h.  */
| #define PACKAGE_NAME ""
| #define PACKAGE_TARNAME ""
| #define PACKAGE_VERSION ""
| #define PACKAGE_STRING ""
| #define PACKAGE_BUGREPORT ""
| #define PACKAGE "sore"
| #define VERSION "0.1"
| #define STDC_HEADERS 1
| #define HAVE_SYS_TYPES_H 1
| #define HAVE_SYS_STAT_H 1
| #define HAVE_STDLIB_H 1
| #define HAVE_STRING_H 1
| #define HAVE_MEMORY_H 1
| #define HAVE_STRINGS_H 1
| #define HAVE_INTTYPES_H 1
| #define HAVE_STDINT_H 1
| #define HAVE_UNISTD_H 1
| #define HAVE_DLFCN_H 1
| /* end confdefs.h.  */
| #include <ac_nonexistent.h>
configure:5668: result: g++ -E
configure:5697: g++ -E -I/usr/include/freetype2 conftest.cpp
configure:5703: $? = 0
configure:5734: g++ -E -I/usr/include/freetype2 conftest.cpp
conftest.cpp:21:28: error: ac_nonexistent.h: No such file or directory
configure:5740: $? = 1
configure: failed program was:
| /* confdefs.h.  */
| #define PACKAGE_NAME ""
| #define PACKAGE_TARNAME ""
| #define PACKAGE_VERSION ""
| #define PACKAGE_STRING ""
| #define PACKAGE_BUGREPORT ""
| #define PACKAGE "sore"
| #define VERSION "0.1"
| #define STDC_HEADERS 1
| #define HAVE_SYS_TYPES_H 1
| #define HAVE_SYS_STAT_H 1
| #define HAVE_STDLIB_H 1
| #define HAVE_STRING_H 1
| #define HAVE_MEMORY_H 1
| #define HAVE_STRINGS_H 1
| #define HAVE_INTTYPES_H 1
| #define HAVE_STDINT_H 1
| #define HAVE_UNISTD_H 1
| #define HAVE_DLFCN_H 1
| /* end confdefs.h.  */
| #include <ac_nonexistent.h>
configure:5833: checking for g77
configure:5863: result: no
configure:5833: checking for xlf
configure:5863: result: no
configure:5833: checking for f77
configure:5863: result: no
configure:5833: checking for frt
configure:5863: result: no
configure:5833: checking for pgf77
configure:5863: result: no
configure:5833: checking for cf77
configure:5863: result: no
configure:5833: checking for fort77
configure:5863: result: no
configure:5833: checking for fl32
configure:5863: result: no
configure:5833: checking for af77
configure:5863: result: no
configure:5833: checking for xlf90
configure:5863: result: no
configure:5833: checking for f90
configure:5863: result: no
configure:5833: checking for pgf90
configure:5863: result: no
configure:5833: checking for pghpf
configure:5863: result: no
configure:5833: checking for epcf90
configure:5863: result: no
configure:5833: checking for gfortran
configure:5863: result: no
configure:5833: checking for g95
configure:5863: result: no
configure:5833: checking for xlf95
configure:5863: result: no
configure:5833: checking for f95
configure:5863: result: no
configure:5833: checking for fort
configure:5863: result: no
configure:5833: checking for ifort
configure:5863: result: no
configure:5833: checking for ifc
configure:5863: result: no
configure:5833: checking for efc
configure:5863: result: no
configure:5833: checking for pgf95
configure:5863: result: no
configure:5833: checking for lf95
configure:5863: result: no
configure:5833: checking for ftn
configure:5863: result: no
configure:5890: checking for Fortran 77 compiler version
configure:5897:  --version >&5
/home/thekidder/Projects/SORE/configure: line 5898: --version: command not found
configure:5900: $? = 127
configure:5907:  -v >&5
/home/thekidder/Projects/SORE/configure: line 5908: -v: command not found
configure:5910: $? = 127
configure:5917:  -V >&5
/home/thekidder/Projects/SORE/configure: line 5918: -V: command not found
configure:5920: $? = 127
configure:5928: checking whether we are using the GNU Fortran 77 compiler
configure:5947:  -c  conftest.F >&5
/home/thekidder/Projects/SORE/configure: line 5948: -c: command not found
configure:5953: $? = 127
configure: failed program was:
|       program main
| #ifndef __GNUC__
|        choke me
| #endif
| 
|       end
configure:5970: result: no
configure:5976: checking whether  accepts -g
configure:5993:  -c -g conftest.f >&5
/home/thekidder/Projects/SORE/configure: line 5994: -c: command not found
configure:5999: $? = 127
configure: failed program was:
|       program main
| 
|       end
configure:6015: result: no
configure:6045: checking the maximum length of command line arguments
configure:6154: result: 32768
configure:6165: checking command to parse /usr/bin/nm -B output from gcc object
configure:6270: g++ -c -O0 -g3 -I/usr/include/freetype2 conftest.cpp >&5
configure:6273: $? = 0
configure:6277: /usr/bin/nm -B conftest.o \| sed -n -e 's/^.*[ 	]\([ABCDGIRSTW][ABCDGIRSTW]*\)[ 	][ 	]*\([_A-Za-z][_A-Za-z0-9]*\)$/\1 \2 \2/p' \> conftest.nm
configure:6280: $? = 0
configure:6332: g++ -o conftest -O0 -g3 -I/usr/include/freetype2 -L/usr/lib conftest.cpp conftstm.o >&5
configure:6335: $? = 0
configure:6373: result: ok
configure:6377: checking for objdir
configure:6392: result: .libs
configure:6484: checking for ar
configure:6500: found /usr/bin/ar
configure:6511: result: ar
configure:6580: checking for ranlib
configure:6596: found /usr/bin/ranlib
configure:6607: result: ranlib
configure:6676: checking for strip
configure:6692: found /usr/bin/strip
configure:6703: result: strip
configure:6989: checking if gcc supports -fno-rtti -fno-exceptions
configure:7007: gcc -c -g -O2 -I/usr/include/freetype2 -fno-rtti -fno-exceptions conftest.c >&5
cc1: warning: command line option "-fno-rtti" is valid for C++/ObjC++ but not for C
configure:7011: $? = 0
configure:7024: result: no
configure:7039: checking for gcc option to produce PIC
configure:7249: result: -fPIC
configure:7257: checking if gcc PIC flag -fPIC works
configure:7275: gcc -c -g -O2 -I/usr/include/freetype2 -fPIC -DPIC conftest.c >&5
configure:7279: $? = 0
configure:7292: result: yes
configure:7320: checking if gcc static flag -static works
configure:7348: result: yes
configure:7358: checking if gcc supports -c -o file.o
configure:7379: gcc -c -g -O2 -I/usr/include/freetype2 -o out/conftest2.o conftest.c >&5
configure:7383: $? = 0
configure:7405: result: yes
configure:7431: checking whether the gcc linker (/usr/bin/ld) supports shared libraries
configure:8386: result: yes
configure:8407: checking whether -lc should be explicitly linked in
configure:8412: gcc -c -g -O2 -I/usr/include/freetype2 conftest.c >&5
configure:8415: $? = 0
configure:8430: gcc -shared conftest.o  -v -Wl,-soname -Wl,conftest -o conftest 2\>\&1 \| grep  -lc  \>/dev/null 2\>\&1
configure:8433: $? = 0
configure:8445: result: no
configure:8453: checking dynamic linker characteristics
configure:9029: result: GNU/Linux ld.so
configure:9038: checking how to hardcode library paths into programs
configure:9063: result: immediate
configure:9077: checking whether stripping libraries is possible
configure:9082: result: yes
configure:9883: checking if libtool supports shared libraries
configure:9885: result: yes
configure:9888: checking whether to build shared libraries
configure:9909: result: yes
configure:9912: checking whether to build static libraries
configure:9916: result: yes
configure:10008: creating libtool
configure:10596: checking for ld used by g++
configure:10663: result: /usr/bin/ld
configure:10672: checking if the linker (/usr/bin/ld) is GNU ld
configure:10687: result: yes
configure:10738: checking whether the g++ linker (/usr/bin/ld) supports shared libraries
configure:11672: result: yes
configure:11690: g++ -c -O0 -g3 -I/usr/include/freetype2 conftest.cpp >&5
configure:11693: $? = 0
configure:11812: checking for g++ option to produce PIC
configure:12086: result: -fPIC
configure:12094: checking if g++ PIC flag -fPIC works
configure:12112: g++ -c -O0 -g3 -I/usr/include/freetype2 -fPIC -DPIC conftest.cpp >&5
configure:12116: $? = 0
configure:12129: result: yes
configure:12157: checking if g++ static flag -static works
configure:12185: result: yes
configure:12195: checking if g++ supports -c -o file.o
configure:12216: g++ -c -O0 -g3 -I/usr/include/freetype2 -o out/conftest2.o conftest.cpp >&5
configure:12220: $? = 0
configure:12242: result: yes
configure:12268: checking whether the g++ linker (/usr/bin/ld) supports shared libraries
configure:12296: result: yes
configure:12363: checking dynamic linker characteristics
configure:12939: result: GNU/Linux ld.so
configure:12948: checking how to hardcode library paths into programs
configure:12973: result: immediate
configure:19215: creating ./config.status

## ---------------------- ##
## Running config.status. ##
## ---------------------- ##

This file was extended by config.status, which was
generated by GNU Autoconf 2.61.  Invocation command line was

  CONFIG_FILES    = 
  CONFIG_HEADERS  = 
  CONFIG_LINKS    = 
  CONFIG_COMMANDS = 
  $ ./config.status 

on thekidder-laptop

config.status:662: creating Makefile
config.status:662: creating SORE_create_package/Makefile
config.status:662: creating SORE_lib/Makefile
config.status:662: creating SORE_test/Makefile
config.status:662: creating config.h
config.status:876: config.h is unchanged
config.status:922: executing depfiles commands

## ---------------- ##
## Cache variables. ##
## ---------------- ##

ac_cv_build=i686-pc-linux-gnu
ac_cv_c_compiler_gnu=yes
ac_cv_cxx_compiler_gnu=yes
ac_cv_env_CCC_set=
ac_cv_env_CCC_value=
ac_cv_env_CC_set=
ac_cv_env_CC_value=
ac_cv_env_CFLAGS_set=
ac_cv_env_CFLAGS_value=
ac_cv_env_CPPFLAGS_set=set
ac_cv_env_CPPFLAGS_value=-I/usr/include/freetype2
ac_cv_env_CPP_set=
ac_cv_env_CPP_value=
ac_cv_env_CXXCPP_set=
ac_cv_env_CXXCPP_value=
ac_cv_env_CXXFLAGS_set=set
ac_cv_env_CXXFLAGS_value='-O0 -g3'
ac_cv_env_CXX_set=
ac_cv_env_CXX_value=
ac_cv_env_F77_set=
ac_cv_env_F77_value=
ac_cv_env_FFLAGS_set=
ac_cv_env_FFLAGS_value=
ac_cv_env_LDFLAGS_set=set
ac_cv_env_LDFLAGS_value=-L/usr/lib
ac_cv_env_LIBS_set=
ac_cv_env_LIBS_value=
ac_cv_env_build_alias_set=
ac_cv_env_build_alias_value=
ac_cv_env_host_alias_set=
ac_cv_env_host_alias_value=
ac_cv_env_target_alias_set=
ac_cv_env_target_alias_value=
ac_cv_f77_compiler_gnu=no
ac_cv_header_dlfcn_h=yes
ac_cv_header_inttypes_h=yes
ac_cv_header_memory_h=yes
ac_cv_header_stdc=yes
ac_cv_header_stdint_h=yes
ac_cv_header_stdlib_h=yes
ac_cv_header_string_h=yes
ac_cv_header_strings_h=yes
ac_cv_header_sys_stat_h=yes
ac_cv_header_sys_types_h=yes
ac_cv_header_unistd_h=yes
ac_cv_host=i686-pc-linux-gnu
ac_cv_objext=o
ac_cv_path_EGREP='/bin/grep -E'
ac_cv_path_GREP=/bin/grep
ac_cv_path_install='/usr/bin/install -c'
ac_cv_prog_AWK=gawk
ac_cv_prog_CPP='gcc -E'
ac_cv_prog_CXXCPP='g++ -E'
ac_cv_prog_ac_ct_AR=ar
ac_cv_prog_ac_ct_CC=gcc
ac_cv_prog_ac_ct_CXX=g++
ac_cv_prog_ac_ct_RANLIB=ranlib
ac_cv_prog_ac_ct_STRIP=strip
ac_cv_prog_cc_c89=
ac_cv_prog_cc_g=yes
ac_cv_prog_cxx_g=yes
ac_cv_prog_f77_g=no
ac_cv_prog_make_make_set=yes
am_cv_CC_dependencies_compiler_type=gcc3
am_cv_CXX_dependencies_compiler_type=gcc3
lt_cv_deplibs_check_method=pass_all
lt_cv_file_magic_cmd='$MAGIC_CMD'
lt_cv_file_magic_test_file=
lt_cv_ld_reload_flag=-r
lt_cv_objdir=.libs
lt_cv_path_LD=/usr/bin/ld
lt_cv_path_LDCXX=/usr/bin/ld
lt_cv_path_NM='/usr/bin/nm -B'
lt_cv_path_SED=/bin/sed
lt_cv_prog_compiler_c_o=yes
lt_cv_prog_compiler_c_o_CXX=yes
lt_cv_prog_compiler_rtti_exceptions=no
lt_cv_prog_gnu_ld=yes
lt_cv_prog_gnu_ldcxx=yes
lt_cv_sys_global_symbol_pipe='sed -n -e '\''s/^.*[ 	]\([ABCDGIRSTW][ABCDGIRSTW]*\)[ 	][ 	]*\([_A-Za-z][_A-Za-z0-9]*\)$/\1 \2 \2/p'\'''
lt_cv_sys_global_symbol_to_c_name_address='sed -n -e '\''s/^: \([^ ]*\) $/  {\"\1\", (lt_ptr) 0},/p'\'' -e '\''s/^[BCDEGRST] \([^ ]*\) \([^ ]*\)$/  {"\2", (lt_ptr) \&\2},/p'\'''
lt_cv_sys_global_symbol_to_cdecl='sed -n -e '\''s/^. .* \(.*\)$/extern int \1;/p'\'''
lt_cv_sys_max_cmd_len=32768
lt_lt_cv_prog_compiler_c_o='"yes"'
lt_lt_cv_prog_compiler_c_o_CXX='"yes"'
lt_lt_cv_sys_global_symbol_pipe='"sed -n -e '\''s/^.*[ 	]\\([ABCDGIRSTW][ABCDGIRSTW]*\\)[ 	][ 	]*\\([_A-Za-z][_A-Za-z0-9]*\\)\$/\\1 \\2 \\2/p'\''"'
lt_lt_cv_sys_global_symbol_to_c_name_address='"sed -n -e '\''s/^: \\([^ ]*\\) \$/  {\\\"\\1\\\", (lt_ptr) 0},/p'\'' -e '\''s/^[BCDEGRST] \\([^ ]*\\) \\([^ ]*\\)\$/  {\"\\2\", (lt_ptr) \\&\\2},/p'\''"'
lt_lt_cv_sys_global_symbol_to_cdecl='"sed -n -e '\''s/^. .* \\(.*\\)\$/extern int \\1;/p'\''"'

## ----------------- ##
## Output variables. ##
## ----------------- ##

ACLOCAL='${SHELL} /home/thekidder/Projects/SORE/missing --run aclocal-1.9'
AMDEPBACKSLASH='\'
AMDEP_FALSE='#'
AMDEP_TRUE=''
AMTAR='${SHELL} /home/thekidder/Projects/SORE/missing --run tar'
AR='ar'
AUTOCONF='${SHELL} /home/thekidder/Projects/SORE/missing --run autoconf'
AUTOHEADER='${SHELL} /home/thekidder/Projects/SORE/missing --run autoheader'
AUTOMAKE='${SHELL} /home/thekidder/Projects/SORE/missing --run automake-1.9'
AWK='gawk'
CC='gcc'
CCDEPMODE='depmode=gcc3'
CFLAGS='-g -O2'
CPP='gcc -E'
CPPFLAGS='-I/usr/include/freetype2'
CXX='g++'
CXXCPP='g++ -E'
CXXDEPMODE='depmode=gcc3'
CXXFLAGS='-O0 -g3'
CYGPATH_W='echo'
DEFS='-DHAVE_CONFIG_H'
DEPDIR='.deps'
ECHO='echo'
ECHO_C=''
ECHO_N='-n'
ECHO_T=''
EGREP='/bin/grep -E'
EXEEXT=''
F77=''
FFLAGS=''
GREP='/bin/grep'
INSTALL_DATA='${INSTALL} -m 644'
INSTALL_PROGRAM='${INSTALL}'
INSTALL_SCRIPT='${INSTALL}'
INSTALL_STRIP_PROGRAM='${SHELL} $(install_sh) -c -s'
LDFLAGS='-L/usr/lib'
LIBOBJS=''
LIBS=''
LIBTOOL='$(SHELL) $(top_builddir)/libtool'
LN_S='ln -s'
LTLIBOBJS=''
MAKEINFO='${SHELL} /home/thekidder/Projects/SORE/missing --run makeinfo'
OBJEXT='o'
PACKAGE='sore'
PACKAGE_BUGREPORT=''
PACKAGE_NAME=''
PACKAGE_STRING=''
PACKAGE_TARNAME=''
PACKAGE_VERSION=''
PATH_SEPARATOR=':'
RANLIB='ranlib'
SET_MAKE=''
SHELL='/bin/bash'
STRIP='strip'
VERSION='0.1'
ac_ct_CC='gcc'
ac_ct_CXX='g++'
ac_ct_F77=''
am__fastdepCC_FALSE='#'
am__fastdepCC_TRUE=''
am__fastdepCXX_FALSE='#'
am__fastdepCXX_TRUE=''
am__include='include'
am__leading_dot='.'
am__quote=''
am__tar='${AMTAR} chof - "$$tardir"'
am__untar='${AMTAR} xf -'
bindir='${exec_prefix}/bin'
build='i686-pc-linux-gnu'
build_alias=''
build_cpu='i686'
build_os='linux-gnu'
build_vendor='pc'
datadir='${datarootdir}'
datarootdir='${prefix}/share'
docdir='${datarootdir}/doc/${PACKAGE}'
dvidir='${docdir}'
exec_prefix='${prefix}'
host='i686-pc-linux-gnu'
host_alias=''
host_cpu='i686'
host_os='linux-gnu'
host_vendor='pc'
htmldir='${docdir}'
includedir='${prefix}/include'
infodir='${datarootdir}/info'
install_sh='/home/thekidder/Projects/SORE/install-sh'
libdir='${exec_prefix}/lib'
libexecdir='${exec_prefix}/libexec'
localedir='${datarootdir}/locale'
localstatedir='${prefix}/var'
mandir='${datarootdir}/man'
mkdir_p='mkdir -p --'
oldincludedir='/usr/include'
pdfdir='${docdir}'
prefix='/usr/local'
program_transform_name='s,x,x,'
psdir='${docdir}'
sbindir='${exec_prefix}/sbin'
sharedstatedir='${prefix}/com'
sysconfdir='${prefix}/etc'
target_alias=''

## ----------- ##
## confdefs.h. ##
## ----------- ##

#define PACKAGE_NAME ""
#define PACKAGE_TARNAME ""
#define PACKAGE_VERSION ""
#define PACKAGE_STRING ""
#define PACKAGE_BUGREPORT ""
#define PACKAGE "sore"
#define VERSION "0.1"
#define STDC_HEADERS 1
#define HAVE_SYS_TYPES_H 1
#define HAVE_SYS_STAT_H 1
#define HAVE_STDLIB_H 1
#define HAVE_STRING_H 1
#define HAVE_MEMORY_H 1
#define HAVE_STRINGS_H 1
#define HAVE_INTTYPES_H 1
#define HAVE_STDINT_H 1
#define HAVE_UNISTD_H 1
#define HAVE_DLFCN_H 1

configure: exit 0

## ---------------------- ##
## Running config.status. ##
## ---------------------- ##

This file was extended by config.status, which was
generated by GNU Autoconf 2.61.  Invocation command line was

  CONFIG_FILES    = 
  CONFIG_HEADERS  = 
  CONFIG_LINKS    = 
  CONFIG_COMMANDS = 
  $ ./config.status config.h

on thekidder-laptop

config.status:662: creating config.h
config.status:876: config.h is unchanged

## ---------------------- ##
## Running config.status. ##
## ---------------------- ##

This file was extended by config.status, which was
generated by GNU Autoconf 2.61.  Invocation command line was

  CONFIG_FILES    = 
  CONFIG_HEADERS  = 
  CONFIG_LINKS    = 
  CONFIG_COMMANDS = 
  $ ./config.status SORE_create_package/Makefile depfiles

on thekidder-laptop

config.status:662: creating SORE_create_package/Makefile
config.status:922: executing depfiles commands

## ---------------------- ##
## Running config.status. ##
## ---------------------- ##

This file was extended by config.status, which was
generated by GNU Autoconf 2.61.  Invocation command line was

  CONFIG_FILES    = 
  CONFIG_HEADERS  = 
  CONFIG_LINKS    = 
  CONFIG_COMMANDS = 
  $ ./config.status SORE_create_package/Makefile depfiles

on thekidder-laptop

config.status:662: creating SORE_create_package/Makefile
config.status:922: executing depfiles commands

## ---------------------- ##
## Running config.status. ##
## ---------------------- ##

This file was extended by config.status, which was
generated by GNU Autoconf 2.61.  Invocation command line was

  CONFIG_FILES    = 
  CONFIG_HEADERS  = 
  CONFIG_LINKS    = 
  CONFIG_COMMANDS = 
  $ ./config.status SORE_create_package/Makefile depfiles

on thekidder-laptop

config.status:662: creating SORE_create_package/Makefile
config.status:922: executing depfiles commands

## ---------------------- ##
## Running config.status. ##
## ---------------------- ##

This file was extended by config.status, which was
generated by GNU Autoconf 2.61.  Invocation command line was

  CONFIG_FILES    = 
  CONFIG_HEADERS  = 
  CONFIG_LINKS    = 
  CONFIG_COMMANDS = 
  $ ./config.status SORE_create_package/Makefile depfiles

on thekidder-laptop

config.status:662: creating SORE_create_package/Makefile
config.status:922: executing depfiles commands

## ---------------------- ##
## Running config.status. ##
## ---------------------- ##

This file was extended by config.status, which was
generated by GNU Autoconf 2.61.  Invocation command line was

  CONFIG_FILES    = 
  CONFIG_HEADERS  = 
  CONFIG_LINKS    = 
  CONFIG_COMMANDS = 
  $ ./config.status SORE_test/Makefile depfiles

on thekidder-laptop

config.status:662: creating SORE_test/Makefile
config.status:922: executing depfiles commands

## ---------------------- ##
## Running config.status. ##
## ---------------------- ##

This file was extended by config.status, which was
generated by GNU Autoconf 2.61.  Invocation command line was

  CONFIG_FILES    = 
  CONFIG_HEADERS  = 
  CONFIG_LINKS    = 
  CONFIG_COMMANDS = 
  $ ./config.status SORE_test/Makefile depfiles

on thekidder-laptop

config.status:662: creating SORE_test/Makefile
config.status:922: executing depfiles commands

## ---------------------- ##
## Running config.status. ##
## ---------------------- ##

This file was extended by config.status, which was
generated by GNU Autoconf 2.61.  Invocation command line was

  CONFIG_FILES    = 
  CONFIG_HEADERS  = 
  CONFIG_LINKS    = 
  CONFIG_COMMANDS = 
  $ ./config.status SORE_lib/Makefile depfiles

on thekidder-laptop

config.status:662: creating SORE_lib/Makefile
config.status:922: executing depfiles commands

## ---------------------- ##
## Running config.status. ##
## ---------------------- ##

This file was extended by config.status, which was
generated by GNU Autoconf 2.61.  Invocation command line was

  CONFIG_FILES    = 
  CONFIG_HEADERS  = 
  CONFIG_LINKS    = 
  CONFIG_COMMANDS = 
  $ ./config.status SORE_test/Makefile depfiles

on thekidder-laptop

config.status:662: creating SORE_test/Makefile
config.status:922: executing depfiles commands

## ---------------------- ##
## Running config.status. ##
## ---------------------- ##

This file was extended by config.status, which was
generated by GNU Autoconf 2.61.  Invocation command line was

  CONFIG_FILES    = 
  CONFIG_HEADERS  = 
  CONFIG_LINKS    = 
  CONFIG_COMMANDS = 
  $ ./config.status SORE_lib/Makefile depfiles

on thekidder-laptop

config.status:662: creating SORE_lib/Makefile
config.status:922: executing depfiles commands

## ---------------------- ##
## Running config.status. ##
## ---------------------- ##

This file was extended by config.status, which was
generated by GNU Autoconf 2.61.  Invocation command line was

  CONFIG_FILES    = 
  CONFIG_HEADERS  = 
  CONFIG_LINKS    = 
  CONFIG_COMMANDS = 
  $ ./config.status SORE_lib/Makefile depfiles

on thekidder-laptop

config.status:662: creating SORE_lib/Makefile
config.status:922: executing depfiles commands

## ---------------------- ##
## Running config.status. ##
## ---------------------- ##

This file was extended by config.status, which was
generated by GNU Autoconf 2.61.  Invocation command line was

  CONFIG_FILES    = 
  CONFIG_HEADERS  = 
  CONFIG_LINKS    = 
  CONFIG_COMMANDS = 
  $ ./config.status SORE_lib/Makefile depfiles

on thekidder-laptop

config.status:662: creating SORE_lib/Makefile
config.status:922: executing depfiles commands

## ---------------------- ##
## Running config.status. ##
## ---------------------- ##

This file was extended by config.status, which was
generated by GNU Autoconf 2.61.  Invocation command line was

  CONFIG_FILES    = 
  CONFIG_HEADERS  = 
  CONFIG_LINKS    = 
  CONFIG_COMMANDS = 
  $ ./config.status Makefile

on thekidder-laptop

config.status:662: creating Makefile

## ---------------------- ##
## Running config.status. ##
## ---------------------- ##

This file was extended by config.status, which was
generated by GNU Autoconf 2.61.  Invocation command line was

  CONFIG_FILES    = 
  CONFIG_HEADERS  = 
  CONFIG_LINKS    = 
  CONFIG_COMMANDS = 
  $ ./config.status SORE_create_package/Makefile depfiles

on thekidder-laptop

config.status:662: creating SORE_create_package/Makefile
config.status:922: executing depfiles commands

## ---------------------- ##
## Running config.status. ##
## ---------------------- ##

This file was extended by config.status, which was
generated by GNU Autoconf 2.61.  Invocation command line was

  CONFIG_FILES    = 
  CONFIG_HEADERS  = 
  CONFIG_LINKS    = 
  CONFIG_COMMANDS = 
  $ ./config.status SORE_test/Makefile depfiles

on thekidder-laptop

config.status:662: creating SORE_test/Makefile
config.status:922: executing depfiles commands
